2026-02-16T21:16:26.605Z  INFO 18068 --- [demo] [main] com.example.demo.DemoApplication         : Starting DemoApplication using Java 17.0.12 with PID 18068 (C:\Users\Student\Desktop\Hyperskill\Springboot\demo\build\classes\java\main started by Student in C:\Users\Student\Desktop\Hyperskill\Springboot\demo)
2026-02-16T21:16:26.615Z  INFO 18068 --- [demo] [main] com.example.demo.DemoApplication         : No active profile set, falling back to 1 default profile: "default"
2026-02-16T21:16:27.669Z  INFO 18068 --- [demo] [main] .s.d.r.c.RepositoryConfigurationDelegate : Bootstrapping Spring Data JPA repositories in DEFAULT mode.
2026-02-16T21:16:27.761Z  INFO 18068 --- [demo] [main] .s.d.r.c.RepositoryConfigurationDelegate : Finished Spring Data repository scanning in 68 ms. Found 2 JPA repository interfaces.
2026-02-16T21:16:28.497Z  INFO 18068 --- [demo] [main] o.s.boot.tomcat.TomcatWebServer          : Tomcat initialized with port 8080 (http)
2026-02-16T21:16:28.516Z  INFO 18068 --- [demo] [main] o.apache.catalina.core.StandardService   : Starting service [Tomcat]
2026-02-16T21:16:28.517Z  INFO 18068 --- [demo] [main] o.apache.catalina.core.StandardEngine    : Starting Servlet engine: [Apache Tomcat/11.0.15]
2026-02-16T21:16:28.587Z  INFO 18068 --- [demo] [main] b.w.c.s.WebApplicationContextInitializer : Root WebApplicationContext: initialization completed in 1874 ms
2026-02-16T21:16:28.782Z  INFO 18068 --- [demo] [main] com.zaxxer.hikari.HikariDataSource       : HikariPool-1 - Starting...
2026-02-16T21:16:29.102Z  INFO 18068 --- [demo] [main] com.zaxxer.hikari.pool.HikariPool        : HikariPool-1 - Added connection conn0: url=jdbc:h2:mem:testdb user=SA
2026-02-16T21:16:29.104Z  INFO 18068 --- [demo] [main] com.zaxxer.hikari.HikariDataSource       : HikariPool-1 - Start completed.
2026-02-16T21:16:29.153Z  INFO 18068 --- [demo] [main] org.hibernate.orm.jpa                    : HHH008540: Processing PersistenceUnitInfo [name: default]
2026-02-16T21:16:29.270Z  INFO 18068 --- [demo] [main] org.hibernate.orm.core                   : HHH000001: Hibernate ORM core version 7.2.1.Final
2026-02-16T21:16:30.207Z  INFO 18068 --- [demo] [main] o.s.o.j.p.SpringPersistenceUnitInfo      : No LoadTimeWeaver setup: ignoring JPA class transformer
2026-02-16T21:16:30.361Z  INFO 18068 --- [demo] [main] org.hibernate.orm.connections.pooling    : HHH10001005: Database info:
	Database JDBC URL [jdbc:h2:mem:testdb]
	Database driver: H2 JDBC Driver
	Database dialect: H2Dialect
	Database version: 2.4.240
	Default catalog/schema: TESTDB/PUBLIC
	Autocommit mode: undefined/unknown
	Isolation level: READ_COMMITTED [default READ_COMMITTED]
	JDBC fetch size: 100
	Pool: DataSourceConnectionProvider
	Minimum pool size: undefined/unknown
	Maximum pool size: undefined/unknown
2026-02-16T21:16:31.973Z  INFO 18068 --- [demo] [main] org.hibernate.orm.core                   : HHH000489: No JTA platform available (set 'hibernate.transaction.jta.platform' to enable JTA platform integration)
2026-02-16T21:16:32.072Z  INFO 18068 --- [demo] [main] j.LocalContainerEntityManagerFactoryBean : Initialized JPA EntityManagerFactory for persistence unit 'default'
2026-02-16T21:16:32.196Z  INFO 18068 --- [demo] [main] o.s.d.j.r.query.QueryEnhancerFactories   : Hibernate is in classpath; If applicable, HQL parser will be used.
2026-02-16T21:16:32.700Z  WARN 18068 --- [demo] [main] JpaBaseConfiguration$JpaWebConfiguration : spring.jpa.open-in-view is enabled by default. Therefore, database queries may be performed during view rendering. Explicitly configure spring.jpa.open-in-view to disable this warning
2026-02-16T21:16:33.110Z  INFO 18068 --- [demo] [main] o.s.b.h.a.H2ConsoleAutoConfiguration     : H2 console available at '/h2-console'. Database available at 'jdbc:h2:mem:testdb'
2026-02-16T21:16:33.203Z  INFO 18068 --- [demo] [main] o.s.boot.tomcat.TomcatWebServer          : Tomcat started on port 8080 (http) with context path '/'
2026-02-16T21:16:33.211Z  INFO 18068 --- [demo] [main] com.example.demo.DemoApplication         : Started DemoApplication in 7.4 seconds (process running for 8.917)
2026-02-16T21:19:43.384Z  INFO 18068 --- [demo] [SpringApplicationShutdownHook] o.s.boot.tomcat.GracefulShutdown         : Commencing graceful shutdown. Waiting for active requests to complete
2026-02-16T21:19:43.552Z  INFO 18068 --- [demo] [tomcat-shutdown] o.s.boot.tomcat.GracefulShutdown         : Graceful shutdown complete
2026-02-16T21:19:43.557Z  INFO 18068 --- [demo] [SpringApplicationShutdownHook] j.LocalContainerEntityManagerFactoryBean : Closing JPA EntityManagerFactory for persistence unit 'default'
2026-02-16T21:19:43.562Z  INFO 18068 --- [demo] [SpringApplicationShutdownHook] com.zaxxer.hikari.HikariDataSource       : HikariPool-1 - Shutdown initiated...
2026-02-16T21:19:43.564Z  INFO 18068 --- [demo] [SpringApplicationShutdownHook] com.zaxxer.hikari.HikariDataSource       : HikariPool-1 - Shutdown completed.
